<?xml version="1.0" encoding="UTF-8"?>
<testng-results skipped="0" failed="0" ignored="0" total="1" passed="1">
  <reporter-output>
  </reporter-output>
  <suite name="Default suite" duration-ms="42920" started-at="2019-12-05T17:39:00Z" finished-at="2019-12-05T17:39:43Z">
    <groups>
    </groups>
    <test name="Default test" duration-ms="42920" started-at="2019-12-05T17:39:00Z" finished-at="2019-12-05T17:39:43Z">
      <class name="com.automationpractice.AutomationPractice">
        <test-method status="PASS" signature="Setup()[pri:0, instance:com.automationpractice.AutomationPractice@482f8f11]" name="Setup" duration-ms="42902" started-at="2019-12-05T17:39:00Z" finished-at="2019-12-05T17:39:43Z">
          <reporter-output>
          </reporter-output>
        </test-method> <!-- Setup -->
      </class> <!-- com.automationpractice.AutomationPractice -->
    </test> <!-- Default test -->
  </suite> <!-- Default suite -->
</testng-results>
