<?xml version="1.0" encoding="UTF-8"?>
<testng-results skipped="0" failed="0" ignored="0" total="1" passed="1">
  <reporter-output>
  </reporter-output>
  <suite name="Default suite" duration-ms="68147" started-at="2020-02-23T19:49:36Z" finished-at="2020-02-23T19:50:45Z">
    <groups>
      <group name="cucumber">
        <method signature="AbstractTestNGCucumberTests.runScenario(cucumber.api.testng.PickleEventWrapper, cucumber.api.testng.CucumberFeatureWrapper)[pri:0, instance:com.runner.TestNgRunner@3c0f93f1]" name="runScenario" class="cucumber.api.testng.AbstractTestNGCucumberTests"/>
      </group> <!-- cucumber -->
    </groups>
    <test name="Default test" duration-ms="68147" started-at="2020-02-23T19:49:36Z" finished-at="2020-02-23T19:50:45Z">
      <class name="com.runner.TestNgRunner">
        <test-method status="PASS" signature="setUpClass()[pri:0, instance:com.runner.TestNgRunner@3c0f93f1]" name="setUpClass" is-config="true" duration-ms="1311" started-at="2020-02-23T19:49:37Z" finished-at="2020-02-23T19:49:38Z">
          <reporter-output>
          </reporter-output>
        </test-method> <!-- setUpClass -->
        <test-method status="PASS" signature="runScenario(cucumber.api.testng.PickleEventWrapper, cucumber.api.testng.CucumberFeatureWrapper)[pri:0, instance:com.runner.TestNgRunner@3c0f93f1]" name="runScenario" duration-ms="66113" started-at="2020-02-23T19:49:38Z" description="Runs Cucumber Scenarios" data-provider="scenarios" finished-at="2020-02-23T19:50:44Z">
          <params>
            <param index="0">
              <value>
                <![CDATA["Verify that user can navigate to Login Page"]]>
              </value>
            </param>
            <param index="1">
              <value>
                <![CDATA["Page features"]]>
              </value>
            </param>
          </params>
          <reporter-output>
          </reporter-output>
        </test-method> <!-- runScenario -->
        <test-method status="PASS" signature="tearDownClass()[pri:0, instance:com.runner.TestNgRunner@3c0f93f1]" name="tearDownClass" is-config="true" duration-ms="227" started-at="2020-02-23T19:50:44Z" finished-at="2020-02-23T19:50:45Z">
          <reporter-output>
          </reporter-output>
        </test-method> <!-- tearDownClass -->
      </class> <!-- com.runner.TestNgRunner -->
    </test> <!-- Default test -->
  </suite> <!-- Default suite -->
</testng-results>
