<?xml version="1.0" encoding="UTF-8"?>
<testng-results skipped="0" failed="0" ignored="0" total="1" passed="1">
  <reporter-output>
  </reporter-output>
  <suite name="Default suite" duration-ms="52230" started-at="2019-12-26T21:47:34Z" finished-at="2019-12-26T21:48:26Z">
    <groups>
    </groups>
    <test name="Default test" duration-ms="52230" started-at="2019-12-26T21:47:34Z" finished-at="2019-12-26T21:48:26Z">
      <class name="com.automationpractice.AutomationPractice">
        <test-method status="PASS" signature="Setup()[pri:0, instance:com.automationpractice.AutomationPractice@5e5792a0]" name="Setup" is-config="true" duration-ms="4102" started-at="2019-12-26T21:47:34Z" finished-at="2019-12-26T21:47:38Z">
          <reporter-output>
          </reporter-output>
        </test-method> <!-- Setup -->
        <test-method status="PASS" signature="login()[pri:0, instance:com.automationpractice.AutomationPractice@5e5792a0]" name="login" duration-ms="47437" started-at="2019-12-26T21:47:38Z" finished-at="2019-12-26T21:48:25Z">
          <reporter-output>
          </reporter-output>
        </test-method> <!-- login -->
        <test-method status="PASS" signature="teardown()[pri:0, instance:com.automationpractice.AutomationPractice@5e5792a0]" name="teardown" is-config="true" duration-ms="666" started-at="2019-12-26T21:48:25Z" finished-at="2019-12-26T21:48:26Z">
          <reporter-output>
          </reporter-output>
        </test-method> <!-- teardown -->
      </class> <!-- com.automationpractice.AutomationPractice -->
    </test> <!-- Default test -->
  </suite> <!-- Default suite -->
</testng-results>
