<?xml version="1.0" encoding="UTF-8"?>
<testng-results skipped="0" failed="0" ignored="0" total="1" passed="1">
  <reporter-output>
  </reporter-output>
  <suite name="Default suite" duration-ms="42997" started-at="2020-02-22T22:42:30Z" finished-at="2020-02-22T22:43:13Z">
    <groups>
      <group name="cucumber">
        <method signature="AbstractTestNGCucumberTests.runScenario(cucumber.api.testng.PickleEventWrapper, cucumber.api.testng.CucumberFeatureWrapper)[pri:0, instance:com.runner.TestNgRunner@544fe44c]" name="runScenario" class="cucumber.api.testng.AbstractTestNGCucumberTests"/>
      </group> <!-- cucumber -->
    </groups>
    <test name="Default test" duration-ms="42997" started-at="2020-02-22T22:42:30Z" finished-at="2020-02-22T22:43:13Z">
      <class name="com.runner.TestNgRunner">
        <test-method status="PASS" signature="setUpClass()[pri:0, instance:com.runner.TestNgRunner@544fe44c]" name="setUpClass" is-config="true" duration-ms="146" started-at="2020-02-22T22:42:30Z" finished-at="2020-02-22T22:42:30Z">
          <reporter-output>
          </reporter-output>
        </test-method> <!-- setUpClass -->
        <test-method status="PASS" signature="runScenario(cucumber.api.testng.PickleEventWrapper, cucumber.api.testng.CucumberFeatureWrapper)[pri:0, instance:com.runner.TestNgRunner@544fe44c]" name="runScenario" duration-ms="42594" started-at="2020-02-22T22:42:30Z" description="Runs Cucumber Scenarios" data-provider="scenarios" finished-at="2020-02-22T22:43:13Z">
          <params>
            <param index="0">
              <value>
                <![CDATA["Verify that user can navigate to Login Page"]]>
              </value>
            </param>
            <param index="1">
              <value>
                <![CDATA["Page features"]]>
              </value>
            </param>
          </params>
          <reporter-output>
          </reporter-output>
        </test-method> <!-- runScenario -->
        <test-method status="PASS" signature="tearDownClass()[pri:0, instance:com.runner.TestNgRunner@544fe44c]" name="tearDownClass" is-config="true" duration-ms="203" started-at="2020-02-22T22:43:13Z" finished-at="2020-02-22T22:43:13Z">
          <reporter-output>
          </reporter-output>
        </test-method> <!-- tearDownClass -->
      </class> <!-- com.runner.TestNgRunner -->
    </test> <!-- Default test -->
  </suite> <!-- Default suite -->
</testng-results>
