<?xml version="1.0" encoding="UTF-8"?>
<testng-results skipped="0" failed="0" ignored="0" total="1" passed="1">
  <reporter-output>
  </reporter-output>
  <suite name="Suite" duration-ms="51513" started-at="2020-04-14T03:55:04Z" finished-at="2020-04-14T03:55:56Z">
    <groups>
      <group name="cucumber">
        <method signature="AbstractTestNGCucumberTests.runScenario(cucumber.api.testng.PickleEventWrapper, cucumber.api.testng.CucumberFeatureWrapper)[pri:0, instance:com.runner.TestNgRunner@184cf7cf]" name="runScenario" class="cucumber.api.testng.AbstractTestNGCucumberTests"/>
      </group> <!-- cucumber -->
    </groups>
    <test name="Test" duration-ms="51513" started-at="2020-04-14T03:55:04Z" finished-at="2020-04-14T03:55:56Z">
      <class name="com.runner.TestNgRunner">
        <test-method status="PASS" signature="setUpClass()[pri:0, instance:com.runner.TestNgRunner@184cf7cf]" name="setUpClass" is-config="true" duration-ms="125" started-at="2020-04-14T03:55:04Z" finished-at="2020-04-14T03:55:04Z">
          <reporter-output>
          </reporter-output>
        </test-method> <!-- setUpClass -->
        <test-method status="PASS" signature="runScenario(cucumber.api.testng.PickleEventWrapper, cucumber.api.testng.CucumberFeatureWrapper)[pri:0, instance:com.runner.TestNgRunner@184cf7cf]" name="runScenario" duration-ms="51250" started-at="2020-04-14T03:55:05Z" description="Runs Cucumber Scenarios" data-provider="scenarios" finished-at="2020-04-14T03:55:56Z">
          <params>
            <param index="0">
              <value>
                <![CDATA["Verify that user can navigate to Login Page"]]>
              </value>
            </param>
            <param index="1">
              <value>
                <![CDATA["Page features"]]>
              </value>
            </param>
          </params>
          <reporter-output>
          </reporter-output>
        </test-method> <!-- runScenario -->
        <test-method status="PASS" signature="tearDownClass()[pri:0, instance:com.runner.TestNgRunner@184cf7cf]" name="tearDownClass" is-config="true" duration-ms="50" started-at="2020-04-14T03:55:56Z" finished-at="2020-04-14T03:55:56Z">
          <reporter-output>
          </reporter-output>
        </test-method> <!-- tearDownClass -->
      </class> <!-- com.runner.TestNgRunner -->
    </test> <!-- Test -->
  </suite> <!-- Suite -->
</testng-results>
