<?xml version="1.0" encoding="UTF-8"?>
<testng-results skipped="0" failed="0" ignored="0" total="1" passed="1">
  <reporter-output>
  </reporter-output>
  <suite name="Default suite" duration-ms="58801" started-at="2019-12-14T19:59:35Z" finished-at="2019-12-14T20:00:34Z">
    <groups>
    </groups>
    <test name="Default test" duration-ms="58801" started-at="2019-12-14T19:59:35Z" finished-at="2019-12-14T20:00:34Z">
      <class name="com.automationpractice.AutomationPractice">
        <test-method status="PASS" signature="Setup()[pri:0, instance:com.automationpractice.AutomationPractice@55f3ddb1]" name="Setup" is-config="true" duration-ms="4129" started-at="2019-12-14T19:59:35Z" finished-at="2019-12-14T19:59:40Z">
          <reporter-output>
          </reporter-output>
        </test-method> <!-- Setup -->
        <test-method status="PASS" signature="login()[pri:0, instance:com.automationpractice.AutomationPractice@55f3ddb1]" name="login" duration-ms="53949" started-at="2019-12-14T19:59:40Z" finished-at="2019-12-14T20:00:34Z">
          <reporter-output>
          </reporter-output>
        </test-method> <!-- login -->
        <test-method status="PASS" signature="teardown()[pri:0, instance:com.automationpractice.AutomationPractice@55f3ddb1]" name="teardown" is-config="true" duration-ms="675" started-at="2019-12-14T20:00:34Z" finished-at="2019-12-14T20:00:34Z">
          <reporter-output>
          </reporter-output>
        </test-method> <!-- teardown -->
      </class> <!-- com.automationpractice.AutomationPractice -->
    </test> <!-- Default test -->
  </suite> <!-- Default suite -->
</testng-results>
