<?xml version="1.0" encoding="UTF-8"?>
<testng-results skipped="0" failed="1" ignored="0" total="6" passed="5">
  <reporter-output>
  </reporter-output>
  <suite name="Default suite" duration-ms="54341" started-at="2020-02-07T21:30:15Z" finished-at="2020-02-07T21:31:10Z">
    <groups>
      <group name="cucumber">
        <method signature="AbstractTestNGCucumberTests.runScenario(cucumber.api.testng.PickleEventWrapper, cucumber.api.testng.CucumberFeatureWrapper)[pri:0, instance:com.runner.TestNGRunner$TestNgRunner@5ec0a365]" name="runScenario" class="cucumber.api.testng.AbstractTestNGCucumberTests"/>
      </group> <!-- cucumber -->
    </groups>
    <test name="Default test" duration-ms="54341" started-at="2020-02-07T21:30:15Z" finished-at="2020-02-07T21:31:10Z">
      <class name="com.runner.TestNGRunner$TestNgRunner">
        <test-method status="PASS" signature="setUp()[pri:0, instance:com.runner.TestNGRunner$TestNgRunner@5ec0a365]" name="setUp" is-config="true" duration-ms="4290" started-at="2020-02-07T21:30:15Z" finished-at="2020-02-07T21:30:20Z">
          <reporter-output>
          </reporter-output>
        </test-method> <!-- setUp -->
        <test-method status="PASS" signature="setUpClass()[pri:0, instance:com.runner.TestNGRunner$TestNgRunner@5ec0a365]" name="setUpClass" is-config="true" duration-ms="126" started-at="2020-02-07T21:30:20Z" finished-at="2020-02-07T21:30:20Z">
          <reporter-output>
          </reporter-output>
        </test-method> <!-- setUpClass -->
        <test-method status="PASS" signature="login()[pri:0, instance:com.runner.TestNGRunner$TestNgRunner@5ec0a365]" name="login" duration-ms="9859" started-at="2020-02-07T21:30:20Z" finished-at="2020-02-07T21:30:30Z">
          <reporter-output>
          </reporter-output>
        </test-method> <!-- login -->
        <test-method status="FAIL" signature="runScenario(cucumber.api.testng.PickleEventWrapper, cucumber.api.testng.CucumberFeatureWrapper)[pri:0, instance:com.runner.TestNGRunner$TestNgRunner@5ec0a365]" name="runScenario" duration-ms="293" started-at="2020-02-07T21:30:30Z" description="Runs Cucumber Scenarios" data-provider="scenarios" finished-at="2020-02-07T21:30:30Z">
          <params>
            <param index="0">
              <value>
                <![CDATA["Successful Login with Valid Credentials"]]>
              </value>
            </param>
            <param index="1">
              <value>
                <![CDATA["Login function validation"]]>
              </value>
            </param>
          </params>
          <exception class="cucumber.runtime.CucumberException">
            <message>
              <![CDATA[There are undefined steps]]>
            </message>
            <full-stacktrace>
              <![CDATA[cucumber.runtime.CucumberException: There are undefined steps
at cucumber.api.testng.TestCaseResultListener.getError(TestCaseResultListener.java:58)
at cucumber.api.testng.TestNGCucumberRunner.runScenario(TestNGCucumberRunner.java:69)
at cucumber.api.testng.AbstractTestNGCucumberTests.runScenario(AbstractTestNGCucumberTests.java:22)
at sun.reflect.NativeMethodAccessorImpl.invoke0(Native Method)
at sun.reflect.NativeMethodAccessorImpl.invoke(NativeMethodAccessorImpl.java:62)
at sun.reflect.DelegatingMethodAccessorImpl.invoke(DelegatingMethodAccessorImpl.java:43)
at java.lang.reflect.Method.invoke(Method.java:498)
at org.testng.internal.MethodInvocationHelper.invokeMethod(MethodInvocationHelper.java:124)
at org.testng.internal.Invoker.invokeMethod(Invoker.java:583)
at org.testng.internal.Invoker.invokeTestMethod(Invoker.java:719)
at org.testng.internal.Invoker.invokeTestMethods(Invoker.java:989)
at org.testng.internal.TestMethodWorker.invokeTestMethods(TestMethodWorker.java:125)
at org.testng.internal.TestMethodWorker.run(TestMethodWorker.java:109)
at org.testng.TestRunner.privateRun(TestRunner.java:648)
at org.testng.TestRunner.run(TestRunner.java:505)
at org.testng.SuiteRunner.runTest(SuiteRunner.java:455)
at org.testng.SuiteRunner.runSequentially(SuiteRunner.java:450)
at org.testng.SuiteRunner.privateRun(SuiteRunner.java:415)
at org.testng.SuiteRunner.run(SuiteRunner.java:364)
at org.testng.SuiteRunnerWorker.runSuite(SuiteRunnerWorker.java:52)
at org.testng.SuiteRunnerWorker.run(SuiteRunnerWorker.java:84)
at org.testng.TestNG.runSuitesSequentially(TestNG.java:1208)
at org.testng.TestNG.runSuitesLocally(TestNG.java:1137)
at org.testng.TestNG.runSuites(TestNG.java:1049)
at org.testng.TestNG.run(TestNG.java:1017)
at org.testng.remote.AbstractRemoteTestNG.run(AbstractRemoteTestNG.java:115)
at org.testng.remote.RemoteTestNG.initAndRun(RemoteTestNG.java:251)
at org.testng.remote.RemoteTestNG.main(RemoteTestNG.java:77)
]]>
            </full-stacktrace>
          </exception> <!-- cucumber.runtime.CucumberException -->
          <reporter-output>
          </reporter-output>
        </test-method> <!-- runScenario -->
        <test-method status="PASS" signature="product()[pri:0, instance:com.runner.TestNGRunner$TestNgRunner@5ec0a365]" name="product" duration-ms="4414" started-at="2020-02-07T21:30:30Z" depends-on-methods="com.runner.TestNGRunner$TestNgRunner.login" finished-at="2020-02-07T21:30:34Z">
          <reporter-output>
          </reporter-output>
        </test-method> <!-- product -->
        <test-method status="PASS" signature="addTocart()[pri:0, instance:com.runner.TestNGRunner$TestNgRunner@5ec0a365]" name="addTocart" duration-ms="15200" started-at="2020-02-07T21:30:34Z" depends-on-methods="com.runner.TestNGRunner$TestNgRunner.product" finished-at="2020-02-07T21:30:50Z">
          <reporter-output>
          </reporter-output>
        </test-method> <!-- addTocart -->
        <test-method status="PASS" signature="termsOfService()[pri:0, instance:com.runner.TestNGRunner$TestNgRunner@5ec0a365]" name="termsOfService" duration-ms="2163" started-at="2020-02-07T21:30:50Z" depends-on-methods="com.runner.TestNGRunner$TestNgRunner.addTocart" finished-at="2020-02-07T21:30:52Z">
          <reporter-output>
          </reporter-output>
        </test-method> <!-- termsOfService -->
        <test-method status="PASS" signature="checkOut()[pri:0, instance:com.runner.TestNGRunner$TestNgRunner@5ec0a365]" name="checkOut" duration-ms="17027" started-at="2020-02-07T21:30:52Z" depends-on-methods="com.runner.TestNGRunner$TestNgRunner.termsOfService" finished-at="2020-02-07T21:31:09Z">
          <reporter-output>
          </reporter-output>
        </test-method> <!-- checkOut -->
        <test-method status="PASS" signature="tearDownClass()[pri:0, instance:com.runner.TestNGRunner$TestNgRunner@5ec0a365]" name="tearDownClass" is-config="true" duration-ms="221" started-at="2020-02-07T21:31:09Z" finished-at="2020-02-07T21:31:09Z">
          <reporter-output>
          </reporter-output>
        </test-method> <!-- tearDownClass -->
        <test-method status="PASS" signature="teardown()[pri:0, instance:com.runner.TestNGRunner$TestNgRunner@5ec0a365]" name="teardown" is-config="true" duration-ms="651" started-at="2020-02-07T21:31:09Z" finished-at="2020-02-07T21:31:10Z">
          <reporter-output>
          </reporter-output>
        </test-method> <!-- teardown -->
      </class> <!-- com.runner.TestNGRunner$TestNgRunner -->
    </test> <!-- Default test -->
  </suite> <!-- Default suite -->
</testng-results>
