<?xml version="1.0" encoding="UTF-8"?>
<testng-results skipped="0" failed="0" ignored="0" total="1" passed="1">
  <reporter-output>
  </reporter-output>
  <suite name="Failed suite [Default suite]" duration-ms="45556" started-at="2020-02-23T04:35:03Z" finished-at="2020-02-23T04:35:49Z">
    <groups>
      <group name="cucumber">
        <method signature="AbstractTestNGCucumberTests.runScenario(cucumber.api.testng.PickleEventWrapper, cucumber.api.testng.CucumberFeatureWrapper)[pri:0, instance:com.runner.TestNgRunner@71318ec4]" name="runScenario" class="cucumber.api.testng.AbstractTestNGCucumberTests"/>
      </group> <!-- cucumber -->
    </groups>
    <test name="Default test(failed)" duration-ms="45556" started-at="2020-02-23T04:35:03Z" finished-at="2020-02-23T04:35:49Z">
      <class name="com.runner.TestNgRunner">
        <test-method status="PASS" signature="setUpClass()[pri:0, instance:com.runner.TestNgRunner@71318ec4]" name="setUpClass" is-config="true" duration-ms="138" started-at="2020-02-23T04:35:03Z" finished-at="2020-02-23T04:35:03Z">
          <reporter-output>
          </reporter-output>
        </test-method> <!-- setUpClass -->
        <test-method status="PASS" signature="runScenario(cucumber.api.testng.PickleEventWrapper, cucumber.api.testng.CucumberFeatureWrapper)[pri:0, instance:com.runner.TestNgRunner@71318ec4]" name="runScenario" duration-ms="45175" started-at="2020-02-23T04:35:03Z" description="Runs Cucumber Scenarios" data-provider="scenarios" finished-at="2020-02-23T04:35:49Z">
          <params>
            <param index="0">
              <value>
                <![CDATA["Verify that user can navigate to Login Page"]]>
              </value>
            </param>
            <param index="1">
              <value>
                <![CDATA["Page features"]]>
              </value>
            </param>
          </params>
          <reporter-output>
          </reporter-output>
        </test-method> <!-- runScenario -->
        <test-method status="PASS" signature="tearDownClass()[pri:0, instance:com.runner.TestNgRunner@71318ec4]" name="tearDownClass" is-config="true" duration-ms="162" started-at="2020-02-23T04:35:49Z" finished-at="2020-02-23T04:35:49Z">
          <reporter-output>
          </reporter-output>
        </test-method> <!-- tearDownClass -->
      </class> <!-- com.runner.TestNgRunner -->
    </test> <!-- Default test(failed) -->
  </suite> <!-- Failed suite [Default suite] -->
</testng-results>
