<?xml version="1.0" encoding="UTF-8"?>
<testng-results skipped="5" failed="0" ignored="0" total="5" passed="0">
  <reporter-output>
  </reporter-output>
  <suite name="Default suite" duration-ms="5180" started-at="2020-02-07T00:02:59Z" finished-at="2020-02-07T00:03:04Z">
    <groups>
      <group name="cucumber">
        <method signature="AbstractTestNGCucumberTests.runScenario(cucumber.api.testng.PickleEventWrapper, cucumber.api.testng.CucumberFeatureWrapper)[pri:0, instance:com.runner.TestNGRunner$TestNgRunner@a67c67e]" name="runScenario" class="cucumber.api.testng.AbstractTestNGCucumberTests"/>
      </group> <!-- cucumber -->
    </groups>
    <test name="Default test" duration-ms="5180" started-at="2020-02-07T00:02:59Z" finished-at="2020-02-07T00:03:04Z">
      <class name="com.runner.TestNGRunner$TestNgRunner">
        <test-method status="PASS" signature="setUp()[pri:0, instance:com.runner.TestNGRunner$TestNgRunner@a67c67e]" name="setUp" is-config="true" duration-ms="5078" started-at="2020-02-07T00:02:59Z" finished-at="2020-02-07T00:03:04Z">
          <reporter-output>
          </reporter-output>
        </test-method> <!-- setUp -->
        <test-method status="FAIL" signature="setUpClass()[pri:0, instance:com.runner.TestNGRunner$TestNgRunner@a67c67e]" name="setUpClass" is-config="true" duration-ms="25" started-at="2020-02-07T00:03:04Z" finished-at="2020-02-07T00:03:04Z">
          <exception class="cucumber.runtime.CucumberException">
            <message>
              <![CDATA[Couldn't load plugin class: com.cucumber.listener.ExtentCucumberFormatter]]>
            </message>
            <full-stacktrace>
              <![CDATA[cucumber.runtime.CucumberException: Couldn't load plugin class: com.cucumber.listener.ExtentCucumberFormatter
at cucumber.runtime.formatter.PluginFactory.loadClass(PluginFactory.java:178)
at cucumber.runtime.formatter.PluginFactory.pluginClass(PluginFactory.java:163)
at cucumber.runtime.formatter.PluginFactory.getPluginClass(PluginFactory.java:220)
at cucumber.runtime.formatter.PluginFactory.isStepDefinitionReporterName(PluginFactory.java:203)
at cucumber.runtime.RuntimeOptions$ParsedPluginData.addPluginName(RuntimeOptions.java:386)
at cucumber.runtime.RuntimeOptions.parse(RuntimeOptions.java:165)
at cucumber.runtime.RuntimeOptions.<init>(RuntimeOptions.java:108)
at cucumber.runtime.RuntimeOptions.<init>(RuntimeOptions.java:101)
at cucumber.runtime.RuntimeOptions.<init>(RuntimeOptions.java:97)
at cucumber.runtime.RuntimeOptionsFactory.create(RuntimeOptionsFactory.java:23)
at cucumber.api.testng.TestNGCucumberRunner.<init>(TestNGCucumberRunner.java:49)
at cucumber.api.testng.AbstractTestNGCucumberTests.setUpClass(AbstractTestNGCucumberTests.java:16)
at sun.reflect.NativeMethodAccessorImpl.invoke0(Native Method)
at sun.reflect.NativeMethodAccessorImpl.invoke(NativeMethodAccessorImpl.java:62)
at sun.reflect.DelegatingMethodAccessorImpl.invoke(DelegatingMethodAccessorImpl.java:43)
at java.lang.reflect.Method.invoke(Method.java:498)
at org.testng.internal.MethodInvocationHelper.invokeMethod(MethodInvocationHelper.java:124)
at org.testng.internal.MethodInvocationHelper.invokeMethodConsideringTimeout(MethodInvocationHelper.java:59)
at org.testng.internal.Invoker.invokeConfigurationMethod(Invoker.java:455)
at org.testng.internal.Invoker.invokeConfigurations(Invoker.java:222)
at org.testng.internal.Invoker.invokeConfigurations(Invoker.java:142)
at org.testng.internal.TestMethodWorker.invokeBeforeClassMethods(TestMethodWorker.java:168)
at org.testng.internal.TestMethodWorker.run(TestMethodWorker.java:105)
at org.testng.TestRunner.privateRun(TestRunner.java:648)
at org.testng.TestRunner.run(TestRunner.java:505)
at org.testng.SuiteRunner.runTest(SuiteRunner.java:455)
at org.testng.SuiteRunner.runSequentially(SuiteRunner.java:450)
at org.testng.SuiteRunner.privateRun(SuiteRunner.java:415)
at org.testng.SuiteRunner.run(SuiteRunner.java:364)
at org.testng.SuiteRunnerWorker.runSuite(SuiteRunnerWorker.java:52)
at org.testng.SuiteRunnerWorker.run(SuiteRunnerWorker.java:84)
at org.testng.TestNG.runSuitesSequentially(TestNG.java:1208)
at org.testng.TestNG.runSuitesLocally(TestNG.java:1137)
at org.testng.TestNG.runSuites(TestNG.java:1049)
at org.testng.TestNG.run(TestNG.java:1017)
at org.testng.remote.AbstractRemoteTestNG.run(AbstractRemoteTestNG.java:115)
at org.testng.remote.RemoteTestNG.initAndRun(RemoteTestNG.java:251)
at org.testng.remote.RemoteTestNG.main(RemoteTestNG.java:77)
Caused by: java.lang.ClassNotFoundException: com.cucumber.listener.ExtentCucumberFormatter
at java.net.URLClassLoader.findClass(URLClassLoader.java:382)
at java.lang.ClassLoader.loadClass(ClassLoader.java:424)
at sun.misc.Launcher$AppClassLoader.loadClass(Launcher.java:349)
at java.lang.ClassLoader.loadClass(ClassLoader.java:357)
at cucumber.runtime.formatter.PluginFactory.loadClass(PluginFactory.java:171)
... 37 more
]]>
            </full-stacktrace>
          </exception> <!-- cucumber.runtime.CucumberException -->
          <reporter-output>
          </reporter-output>
        </test-method> <!-- setUpClass -->
        <test-method status="SKIP" signature="login()[pri:0, instance:com.runner.TestNGRunner$TestNgRunner@a67c67e]" name="login" duration-ms="0" started-at="2020-02-07T00:03:04Z" finished-at="2020-02-07T00:03:04Z">
          <exception class="cucumber.runtime.CucumberException">
            <message>
              <![CDATA[Couldn't load plugin class: com.cucumber.listener.ExtentCucumberFormatter]]>
            </message>
            <full-stacktrace>
              <![CDATA[cucumber.runtime.CucumberException: Couldn't load plugin class: com.cucumber.listener.ExtentCucumberFormatter
at cucumber.runtime.formatter.PluginFactory.loadClass(PluginFactory.java:178)
at cucumber.runtime.formatter.PluginFactory.pluginClass(PluginFactory.java:163)
at cucumber.runtime.formatter.PluginFactory.getPluginClass(PluginFactory.java:220)
at cucumber.runtime.formatter.PluginFactory.isStepDefinitionReporterName(PluginFactory.java:203)
at cucumber.runtime.RuntimeOptions$ParsedPluginData.addPluginName(RuntimeOptions.java:386)
at cucumber.runtime.RuntimeOptions.parse(RuntimeOptions.java:165)
at cucumber.runtime.RuntimeOptions.<init>(RuntimeOptions.java:108)
at cucumber.runtime.RuntimeOptions.<init>(RuntimeOptions.java:101)
at cucumber.runtime.RuntimeOptions.<init>(RuntimeOptions.java:97)
at cucumber.runtime.RuntimeOptionsFactory.create(RuntimeOptionsFactory.java:23)
at cucumber.api.testng.TestNGCucumberRunner.<init>(TestNGCucumberRunner.java:49)
at cucumber.api.testng.AbstractTestNGCucumberTests.setUpClass(AbstractTestNGCucumberTests.java:16)
at sun.reflect.NativeMethodAccessorImpl.invoke0(Native Method)
at sun.reflect.NativeMethodAccessorImpl.invoke(NativeMethodAccessorImpl.java:62)
at sun.reflect.DelegatingMethodAccessorImpl.invoke(DelegatingMethodAccessorImpl.java:43)
at java.lang.reflect.Method.invoke(Method.java:498)
at org.testng.internal.MethodInvocationHelper.invokeMethod(MethodInvocationHelper.java:124)
at org.testng.internal.MethodInvocationHelper.invokeMethodConsideringTimeout(MethodInvocationHelper.java:59)
at org.testng.internal.Invoker.invokeConfigurationMethod(Invoker.java:455)
at org.testng.internal.Invoker.invokeConfigurations(Invoker.java:222)
at org.testng.internal.Invoker.invokeConfigurations(Invoker.java:142)
at org.testng.internal.TestMethodWorker.invokeBeforeClassMethods(TestMethodWorker.java:168)
at org.testng.internal.TestMethodWorker.run(TestMethodWorker.java:105)
at org.testng.TestRunner.privateRun(TestRunner.java:648)
at org.testng.TestRunner.run(TestRunner.java:505)
at org.testng.SuiteRunner.runTest(SuiteRunner.java:455)
at org.testng.SuiteRunner.runSequentially(SuiteRunner.java:450)
at org.testng.SuiteRunner.privateRun(SuiteRunner.java:415)
at org.testng.SuiteRunner.run(SuiteRunner.java:364)
at org.testng.SuiteRunnerWorker.runSuite(SuiteRunnerWorker.java:52)
at org.testng.SuiteRunnerWorker.run(SuiteRunnerWorker.java:84)
at org.testng.TestNG.runSuitesSequentially(TestNG.java:1208)
at org.testng.TestNG.runSuitesLocally(TestNG.java:1137)
at org.testng.TestNG.runSuites(TestNG.java:1049)
at org.testng.TestNG.run(TestNG.java:1017)
at org.testng.remote.AbstractRemoteTestNG.run(AbstractRemoteTestNG.java:115)
at org.testng.remote.RemoteTestNG.initAndRun(RemoteTestNG.java:251)
at org.testng.remote.RemoteTestNG.main(RemoteTestNG.java:77)
Caused by: java.lang.ClassNotFoundException: com.cucumber.listener.ExtentCucumberFormatter
at java.net.URLClassLoader.findClass(URLClassLoader.java:382)
at java.lang.ClassLoader.loadClass(ClassLoader.java:424)
at sun.misc.Launcher$AppClassLoader.loadClass(Launcher.java:349)
at java.lang.ClassLoader.loadClass(ClassLoader.java:357)
at cucumber.runtime.formatter.PluginFactory.loadClass(PluginFactory.java:171)
... 37 more
]]>
            </full-stacktrace>
          </exception> <!-- cucumber.runtime.CucumberException -->
          <reporter-output>
          </reporter-output>
        </test-method> <!-- login -->
        <test-method status="SKIP" signature="product()[pri:0, instance:com.runner.TestNGRunner$TestNgRunner@a67c67e]" name="product" duration-ms="0" started-at="2020-02-07T00:03:04Z" depends-on-methods="com.runner.TestNGRunner$TestNgRunner.login" finished-at="2020-02-07T00:03:04Z">
          <exception class="java.lang.Throwable">
            <message>
              <![CDATA[Method TestNGRunner$TestNgRunner.product()[pri:0, instance:com.runner.TestNGRunner$TestNgRunner@a67c67e] depends on not successfully finished methods]]>
            </message>
            <full-stacktrace>
              <![CDATA[java.lang.Throwable: Method TestNGRunner$TestNgRunner.product()[pri:0, instance:com.runner.TestNGRunner$TestNgRunner@a67c67e] depends on not successfully finished methods
at org.testng.internal.Invoker.invokeTestMethods(Invoker.java:887)
at org.testng.internal.TestMethodWorker.invokeTestMethods(TestMethodWorker.java:125)
at org.testng.internal.TestMethodWorker.run(TestMethodWorker.java:109)
at org.testng.TestRunner.privateRun(TestRunner.java:648)
at org.testng.TestRunner.run(TestRunner.java:505)
at org.testng.SuiteRunner.runTest(SuiteRunner.java:455)
at org.testng.SuiteRunner.runSequentially(SuiteRunner.java:450)
at org.testng.SuiteRunner.privateRun(SuiteRunner.java:415)
at org.testng.SuiteRunner.run(SuiteRunner.java:364)
at org.testng.SuiteRunnerWorker.runSuite(SuiteRunnerWorker.java:52)
at org.testng.SuiteRunnerWorker.run(SuiteRunnerWorker.java:84)
at org.testng.TestNG.runSuitesSequentially(TestNG.java:1208)
at org.testng.TestNG.runSuitesLocally(TestNG.java:1137)
at org.testng.TestNG.runSuites(TestNG.java:1049)
at org.testng.TestNG.run(TestNG.java:1017)
at org.testng.remote.AbstractRemoteTestNG.run(AbstractRemoteTestNG.java:115)
at org.testng.remote.RemoteTestNG.initAndRun(RemoteTestNG.java:251)
at org.testng.remote.RemoteTestNG.main(RemoteTestNG.java:77)
]]>
            </full-stacktrace>
          </exception> <!-- java.lang.Throwable -->
          <reporter-output>
          </reporter-output>
        </test-method> <!-- product -->
        <test-method status="SKIP" signature="addTocart()[pri:0, instance:com.runner.TestNGRunner$TestNgRunner@a67c67e]" name="addTocart" duration-ms="0" started-at="2020-02-07T00:03:04Z" depends-on-methods="com.runner.TestNGRunner$TestNgRunner.product" finished-at="2020-02-07T00:03:04Z">
          <exception class="java.lang.Throwable">
            <message>
              <![CDATA[Method TestNGRunner$TestNgRunner.addTocart()[pri:0, instance:com.runner.TestNGRunner$TestNgRunner@a67c67e] depends on not successfully finished methods]]>
            </message>
            <full-stacktrace>
              <![CDATA[java.lang.Throwable: Method TestNGRunner$TestNgRunner.addTocart()[pri:0, instance:com.runner.TestNGRunner$TestNgRunner@a67c67e] depends on not successfully finished methods
at org.testng.internal.Invoker.invokeTestMethods(Invoker.java:887)
at org.testng.internal.TestMethodWorker.invokeTestMethods(TestMethodWorker.java:125)
at org.testng.internal.TestMethodWorker.run(TestMethodWorker.java:109)
at org.testng.TestRunner.privateRun(TestRunner.java:648)
at org.testng.TestRunner.run(TestRunner.java:505)
at org.testng.SuiteRunner.runTest(SuiteRunner.java:455)
at org.testng.SuiteRunner.runSequentially(SuiteRunner.java:450)
at org.testng.SuiteRunner.privateRun(SuiteRunner.java:415)
at org.testng.SuiteRunner.run(SuiteRunner.java:364)
at org.testng.SuiteRunnerWorker.runSuite(SuiteRunnerWorker.java:52)
at org.testng.SuiteRunnerWorker.run(SuiteRunnerWorker.java:84)
at org.testng.TestNG.runSuitesSequentially(TestNG.java:1208)
at org.testng.TestNG.runSuitesLocally(TestNG.java:1137)
at org.testng.TestNG.runSuites(TestNG.java:1049)
at org.testng.TestNG.run(TestNG.java:1017)
at org.testng.remote.AbstractRemoteTestNG.run(AbstractRemoteTestNG.java:115)
at org.testng.remote.RemoteTestNG.initAndRun(RemoteTestNG.java:251)
at org.testng.remote.RemoteTestNG.main(RemoteTestNG.java:77)
]]>
            </full-stacktrace>
          </exception> <!-- java.lang.Throwable -->
          <reporter-output>
          </reporter-output>
        </test-method> <!-- addTocart -->
        <test-method status="SKIP" signature="termsOfService()[pri:0, instance:com.runner.TestNGRunner$TestNgRunner@a67c67e]" name="termsOfService" duration-ms="0" started-at="2020-02-07T00:03:04Z" depends-on-methods="com.runner.TestNGRunner$TestNgRunner.addTocart" finished-at="2020-02-07T00:03:04Z">
          <exception class="java.lang.Throwable">
            <message>
              <![CDATA[Method TestNGRunner$TestNgRunner.termsOfService()[pri:0, instance:com.runner.TestNGRunner$TestNgRunner@a67c67e] depends on not successfully finished methods]]>
            </message>
            <full-stacktrace>
              <![CDATA[java.lang.Throwable: Method TestNGRunner$TestNgRunner.termsOfService()[pri:0, instance:com.runner.TestNGRunner$TestNgRunner@a67c67e] depends on not successfully finished methods
at org.testng.internal.Invoker.invokeTestMethods(Invoker.java:887)
at org.testng.internal.TestMethodWorker.invokeTestMethods(TestMethodWorker.java:125)
at org.testng.internal.TestMethodWorker.run(TestMethodWorker.java:109)
at org.testng.TestRunner.privateRun(TestRunner.java:648)
at org.testng.TestRunner.run(TestRunner.java:505)
at org.testng.SuiteRunner.runTest(SuiteRunner.java:455)
at org.testng.SuiteRunner.runSequentially(SuiteRunner.java:450)
at org.testng.SuiteRunner.privateRun(SuiteRunner.java:415)
at org.testng.SuiteRunner.run(SuiteRunner.java:364)
at org.testng.SuiteRunnerWorker.runSuite(SuiteRunnerWorker.java:52)
at org.testng.SuiteRunnerWorker.run(SuiteRunnerWorker.java:84)
at org.testng.TestNG.runSuitesSequentially(TestNG.java:1208)
at org.testng.TestNG.runSuitesLocally(TestNG.java:1137)
at org.testng.TestNG.runSuites(TestNG.java:1049)
at org.testng.TestNG.run(TestNG.java:1017)
at org.testng.remote.AbstractRemoteTestNG.run(AbstractRemoteTestNG.java:115)
at org.testng.remote.RemoteTestNG.initAndRun(RemoteTestNG.java:251)
at org.testng.remote.RemoteTestNG.main(RemoteTestNG.java:77)
]]>
            </full-stacktrace>
          </exception> <!-- java.lang.Throwable -->
          <reporter-output>
          </reporter-output>
        </test-method> <!-- termsOfService -->
        <test-method status="SKIP" signature="checkOut()[pri:0, instance:com.runner.TestNGRunner$TestNgRunner@a67c67e]" name="checkOut" duration-ms="0" started-at="2020-02-07T00:03:04Z" depends-on-methods="com.runner.TestNGRunner$TestNgRunner.termsOfService" finished-at="2020-02-07T00:03:04Z">
          <exception class="java.lang.Throwable">
            <message>
              <![CDATA[Method TestNGRunner$TestNgRunner.checkOut()[pri:0, instance:com.runner.TestNGRunner$TestNgRunner@a67c67e] depends on not successfully finished methods]]>
            </message>
            <full-stacktrace>
              <![CDATA[java.lang.Throwable: Method TestNGRunner$TestNgRunner.checkOut()[pri:0, instance:com.runner.TestNGRunner$TestNgRunner@a67c67e] depends on not successfully finished methods
at org.testng.internal.Invoker.invokeTestMethods(Invoker.java:887)
at org.testng.internal.TestMethodWorker.invokeTestMethods(TestMethodWorker.java:125)
at org.testng.internal.TestMethodWorker.run(TestMethodWorker.java:109)
at org.testng.TestRunner.privateRun(TestRunner.java:648)
at org.testng.TestRunner.run(TestRunner.java:505)
at org.testng.SuiteRunner.runTest(SuiteRunner.java:455)
at org.testng.SuiteRunner.runSequentially(SuiteRunner.java:450)
at org.testng.SuiteRunner.privateRun(SuiteRunner.java:415)
at org.testng.SuiteRunner.run(SuiteRunner.java:364)
at org.testng.SuiteRunnerWorker.runSuite(SuiteRunnerWorker.java:52)
at org.testng.SuiteRunnerWorker.run(SuiteRunnerWorker.java:84)
at org.testng.TestNG.runSuitesSequentially(TestNG.java:1208)
at org.testng.TestNG.runSuitesLocally(TestNG.java:1137)
at org.testng.TestNG.runSuites(TestNG.java:1049)
at org.testng.TestNG.run(TestNG.java:1017)
at org.testng.remote.AbstractRemoteTestNG.run(AbstractRemoteTestNG.java:115)
at org.testng.remote.RemoteTestNG.initAndRun(RemoteTestNG.java:251)
at org.testng.remote.RemoteTestNG.main(RemoteTestNG.java:77)
]]>
            </full-stacktrace>
          </exception> <!-- java.lang.Throwable -->
          <reporter-output>
          </reporter-output>
        </test-method> <!-- checkOut -->
        <test-method status="SKIP" signature="teardown()[pri:0, instance:com.runner.TestNGRunner$TestNgRunner@a67c67e]" name="teardown" is-config="true" duration-ms="0" started-at="2020-02-07T00:03:04Z" finished-at="2020-02-07T00:03:04Z">
          <reporter-output>
          </reporter-output>
        </test-method> <!-- teardown -->
        <test-method status="PASS" signature="tearDownClass()[pri:0, instance:com.runner.TestNGRunner$TestNgRunner@a67c67e]" name="tearDownClass" is-config="true" duration-ms="0" started-at="2020-02-07T00:03:04Z" finished-at="2020-02-07T00:03:04Z">
          <reporter-output>
          </reporter-output>
        </test-method> <!-- tearDownClass -->
      </class> <!-- com.runner.TestNGRunner$TestNgRunner -->
    </test> <!-- Default test -->
  </suite> <!-- Default suite -->
</testng-results>
