<?xml version="1.0" encoding="UTF-8"?>
<!-- Generated by org.testng.reporters.JUnitXMLReporter -->
<testsuite hostname="LAPTOP-1RMVF318" ignored="0" name="Default test" tests="5" failures="0" timestamp="20 Feb 2020 00:17:06 GMT" time="48.595" errors="0">
  <testcase name="login" time="9.264" classname="com.automationpractice.AutomationPractice"/>
  <testcase name="product" time="4.154" classname="com.automationpractice.AutomationPractice"/>
  <testcase name="addTocart" time="11.127" classname="com.automationpractice.AutomationPractice"/>
  <testcase name="termsOfService" time="2.164" classname="com.automationpractice.AutomationPractice"/>
  <testcase name="checkOut" time="16.071" classname="com.automationpractice.AutomationPractice"/>
</testsuite> <!-- Default test -->
