<?xml version="1.0" encoding="UTF-8"?>
<!-- Generated by org.testng.reporters.JUnitXMLReporter -->
<testsuite hostname="LAPTOP-1RMVF318" ignored="0" name="Test" tests="0" failures="0" timestamp="06 Feb 2020 22:05:11 GMT" time="0.056" errors="0">
  <testcase name="@BeforeTest setUpClass" time="0.033" classname="com.runner.TestNGRunner$TestNgRunner">
    <failure type="cucumber.runtime.CucumberException" message="Couldn&amp;apos;t load plugin class: com.cucumber.listener.ExtentCucumberFormatter">
      <![CDATA[cucumber.runtime.CucumberException: Couldn't load plugin class: com.cucumber.listener.ExtentCucumberFormatter
at cucumber.runtime.formatter.PluginFactory.loadClass(PluginFactory.java:178)
at cucumber.runtime.formatter.PluginFactory.pluginClass(PluginFactory.java:163)
at cucumber.runtime.formatter.PluginFactory.getPluginClass(PluginFactory.java:220)
at cucumber.runtime.formatter.PluginFactory.isStepDefinitionReporterName(PluginFactory.java:203)
at cucumber.runtime.RuntimeOptions$ParsedPluginData.addPluginName(RuntimeOptions.java:386)
at cucumber.runtime.RuntimeOptions.parse(RuntimeOptions.java:165)
at cucumber.runtime.RuntimeOptions.<init>(RuntimeOptions.java:108)
at cucumber.runtime.RuntimeOptions.<init>(RuntimeOptions.java:101)
at cucumber.runtime.RuntimeOptions.<init>(RuntimeOptions.java:97)
at cucumber.runtime.RuntimeOptionsFactory.create(RuntimeOptionsFactory.java:23)
at cucumber.api.testng.TestNGCucumberRunner.<init>(TestNGCucumberRunner.java:49)
at com.runner.TestNGRunner$TestNgRunner.setUpClass(TestNGRunner.java:54)
Caused by: java.lang.ClassNotFoundException: com.cucumber.listener.ExtentCucumberFormatter
at java.net.URLClassLoader.findClass(URLClassLoader.java:382)
at java.lang.ClassLoader.loadClass(ClassLoader.java:424)
at sun.misc.Launcher$AppClassLoader.loadClass(Launcher.java:349)
at java.lang.ClassLoader.loadClass(ClassLoader.java:357)
at cucumber.runtime.formatter.PluginFactory.loadClass(PluginFactory.java:171)
... 35 more
... Removed 24 stack frames]]>
    </failure>
  </testcase> <!-- @BeforeTest setUpClass -->
  <testcase name="@AfterClass tearDownClass" time="0.0" classname="com.runner.TestNGRunner$TestNgRunner">
    <failure type="java.lang.NullPointerException">
      <![CDATA[java.lang.NullPointerException
at com.runner.TestNGRunner$TestNgRunner.tearDownClass(TestNGRunner.java:63)
... Removed 26 stack frames]]>
    </failure>
  </testcase> <!-- @AfterClass tearDownClass -->
</testsuite> <!-- Test -->
